This is pdfTeX, Version 3.141592653-2.6-1.40.25 (TeX Live 2023) (preloaded format=pdflatex 2024.1.19)  20 FEB 2024 21:47
entering extended mode
 \write18 enabled.
 %&-line parsing enabled.
**\expandafter\def\csname sa@internal@run\endcsname{1}\input{ch10-argand-phasor
s}
 (./ch10-argand-phasors.tex
(/usr/local/texlive/2023/texmf-dist/tex/latex/standalone/standalone.cls
Document Class: standalone 2022/10/10 v1.3b Class to compile TeX sub-files stan
dalone
(/usr/local/texlive/2023/texmf-dist/tex/latex/tools/shellesc.sty
Package: shellesc 2019/11/08 v1.0c unified shell escape interface for LaTeX
Package shellesc Info: Unrestricted shell escape enabled on input line 75.
)
(/usr/local/texlive/2023/texmf-dist/tex/generic/iftex/ifluatex.sty
Package: ifluatex 2019/10/25 v1.5 ifluatex legacy package. Use iftex instead.

(/usr/local/texlive/2023/texmf-dist/tex/generic/iftex/iftex.sty
Package: iftex 2022/02/03 v1.0f TeX engine tests
))
(/usr/local/texlive/2023/texmf-dist/tex/latex/xkeyval/xkeyval.sty
Package: xkeyval 2022/06/16 v2.9 package option processing (HA)

(/usr/local/texlive/2023/texmf-dist/tex/generic/xkeyval/xkeyval.tex
(/usr/local/texlive/2023/texmf-dist/tex/generic/xkeyval/xkvutils.tex
\XKV@toks=\toks16
\XKV@tempa@toks=\toks17

(/usr/local/texlive/2023/texmf-dist/tex/generic/xkeyval/keyval.tex))
\XKV@depth=\count185
File: xkeyval.tex 2014/12/03 v2.7a key=value parser (HA)
))
\sa@internal=\count186
\c@sapage=\count187

(/usr/local/texlive/2023/texmf-dist/tex/latex/standalone/standalone.cfg
File: standalone.cfg 2022/10/10 v1.3b Default configuration file for 'standalon
e' class
)
(/usr/local/texlive/2023/texmf-dist/tex/latex/base/article.cls
Document Class: article 2022/07/02 v1.4n Standard LaTeX document class
(/usr/local/texlive/2023/texmf-dist/tex/latex/base/size10.clo
File: size10.clo 2022/07/02 v1.4n Standard LaTeX file (size option)
)
\c@part=\count188
\c@section=\count189
\c@subsection=\count190
\c@subsubsection=\count191
\c@paragraph=\count192
\c@subparagraph=\count193
\c@figure=\count194
\c@table=\count195
\abovecaptionskip=\skip48
\belowcaptionskip=\skip49
\bibindent=\dimen140
)
(/usr/local/texlive/2023/texmf-dist/tex/latex/pgf/frontendlayer/tikz.sty
(/usr/local/texlive/2023/texmf-dist/tex/latex/pgf/basiclayer/pgf.sty
(/usr/local/texlive/2023/texmf-dist/tex/latex/pgf/utilities/pgfrcs.sty
(/usr/local/texlive/2023/texmf-dist/tex/generic/pgf/utilities/pgfutil-common.te
x
\pgfutil@everybye=\toks18
\pgfutil@tempdima=\dimen141
\pgfutil@tempdimb=\dimen142
)
(/usr/local/texlive/2023/texmf-dist/tex/generic/pgf/utilities/pgfutil-latex.def
\pgfutil@abb=\box51
) (/usr/local/texlive/2023/texmf-dist/tex/generic/pgf/utilities/pgfrcs.code.tex
(/usr/local/texlive/2023/texmf-dist/tex/generic/pgf/pgf.revision.tex)
Package: pgfrcs 2023-01-15 v3.1.10 (3.1.10)
))
Package: pgf 2023-01-15 v3.1.10 (3.1.10)

(/usr/local/texlive/2023/texmf-dist/tex/latex/pgf/basiclayer/pgfcore.sty
(/usr/local/texlive/2023/texmf-dist/tex/latex/graphics/graphicx.sty
Package: graphicx 2021/09/16 v1.2d Enhanced LaTeX Graphics (DPC,SPQR)

(/usr/local/texlive/2023/texmf-dist/tex/latex/graphics/graphics.sty
Package: graphics 2022/03/10 v1.4e Standard LaTeX Graphics (DPC,SPQR)

(/usr/local/texlive/2023/texmf-dist/tex/latex/graphics/trig.sty
Package: trig 2021/08/11 v1.11 sin cos tan (DPC)
)
(/usr/local/texlive/2023/texmf-dist/tex/latex/graphics-cfg/graphics.cfg
File: graphics.cfg 2016/06/04 v1.11 sample graphics configuration
)
Package graphics Info: Driver file: pdftex.def on input line 107.

(/usr/local/texlive/2023/texmf-dist/tex/latex/graphics-def/pdftex.def
File: pdftex.def 2022/09/22 v1.2b Graphics/color driver for pdftex
))
\Gin@req@height=\dimen143
\Gin@req@width=\dimen144
)
(/usr/local/texlive/2023/texmf-dist/tex/latex/pgf/systemlayer/pgfsys.sty
(/usr/local/texlive/2023/texmf-dist/tex/generic/pgf/systemlayer/pgfsys.code.tex
Package: pgfsys 2023-01-15 v3.1.10 (3.1.10)
(/usr/local/texlive/2023/texmf-dist/tex/generic/pgf/utilities/pgfkeys.code.tex
\pgfkeys@pathtoks=\toks19
\pgfkeys@temptoks=\toks20

(/usr/local/texlive/2023/texmf-dist/tex/generic/pgf/utilities/pgfkeyslibraryfil
tered.code.tex
\pgfkeys@tmptoks=\toks21
))
\pgf@x=\dimen145
\pgf@y=\dimen146
\pgf@xa=\dimen147
\pgf@ya=\dimen148
\pgf@xb=\dimen149
\pgf@yb=\dimen150
\pgf@xc=\dimen151
\pgf@yc=\dimen152
\pgf@xd=\dimen153
\pgf@yd=\dimen154
\w@pgf@writea=\write3
\r@pgf@reada=\read2
\c@pgf@counta=\count196
\c@pgf@countb=\count197
\c@pgf@countc=\count198
\c@pgf@countd=\count199
\t@pgf@toka=\toks22
\t@pgf@tokb=\toks23
\t@pgf@tokc=\toks24
\pgf@sys@id@count=\count266

(/usr/local/texlive/2023/texmf-dist/tex/generic/pgf/systemlayer/pgf.cfg
File: pgf.cfg 2023-01-15 v3.1.10 (3.1.10)
)
Driver file for pgf: pgfsys-pdftex.def

(/usr/local/texlive/2023/texmf-dist/tex/generic/pgf/systemlayer/pgfsys-pdftex.d
ef
File: pgfsys-pdftex.def 2023-01-15 v3.1.10 (3.1.10)

(/usr/local/texlive/2023/texmf-dist/tex/generic/pgf/systemlayer/pgfsys-common-p
df.def
File: pgfsys-common-pdf.def 2023-01-15 v3.1.10 (3.1.10)
)))
(/usr/local/texlive/2023/texmf-dist/tex/generic/pgf/systemlayer/pgfsyssoftpath.
code.tex
File: pgfsyssoftpath.code.tex 2023-01-15 v3.1.10 (3.1.10)
\pgfsyssoftpath@smallbuffer@items=\count267
\pgfsyssoftpath@bigbuffer@items=\count268
)
(/usr/local/texlive/2023/texmf-dist/tex/generic/pgf/systemlayer/pgfsysprotocol.
code.tex
File: pgfsysprotocol.code.tex 2023-01-15 v3.1.10 (3.1.10)
)) (/usr/local/texlive/2023/texmf-dist/tex/latex/xcolor/xcolor.sty
Package: xcolor 2022/06/12 v2.14 LaTeX color extensions (UK)

(/usr/local/texlive/2023/texmf-dist/tex/latex/graphics-cfg/color.cfg
File: color.cfg 2016/01/02 v1.6 sample color configuration
)
Package xcolor Info: Driver file: pdftex.def on input line 227.

(/usr/local/texlive/2023/texmf-dist/tex/latex/graphics/mathcolor.ltx)
Package xcolor Info: Model `cmy' substituted by `cmy0' on input line 1353.
Package xcolor Info: Model `hsb' substituted by `rgb' on input line 1357.
Package xcolor Info: Model `RGB' extended on input line 1369.
Package xcolor Info: Model `HTML' substituted by `rgb' on input line 1371.
Package xcolor Info: Model `Hsb' substituted by `hsb' on input line 1372.
Package xcolor Info: Model `tHsb' substituted by `hsb' on input line 1373.
Package xcolor Info: Model `HSB' substituted by `hsb' on input line 1374.
Package xcolor Info: Model `Gray' substituted by `gray' on input line 1375.
Package xcolor Info: Model `wave' substituted by `hsb' on input line 1376.
)
(/usr/local/texlive/2023/texmf-dist/tex/generic/pgf/basiclayer/pgfcore.code.tex
Package: pgfcore 2023-01-15 v3.1.10 (3.1.10)
(/usr/local/texlive/2023/texmf-dist/tex/generic/pgf/math/pgfmath.code.tex
(/usr/local/texlive/2023/texmf-dist/tex/generic/pgf/math/pgfmathutil.code.tex)
(/usr/local/texlive/2023/texmf-dist/tex/generic/pgf/math/pgfmathparser.code.tex
\pgfmath@dimen=\dimen155
\pgfmath@count=\count269
\pgfmath@box=\box52
\pgfmath@toks=\toks25
\pgfmath@stack@operand=\toks26
\pgfmath@stack@operation=\toks27
)
(/usr/local/texlive/2023/texmf-dist/tex/generic/pgf/math/pgfmathfunctions.code.
tex)
(/usr/local/texlive/2023/texmf-dist/tex/generic/pgf/math/pgfmathfunctions.basic
.code.tex)
(/usr/local/texlive/2023/texmf-dist/tex/generic/pgf/math/pgfmathfunctions.trigo
nometric.code.tex)
(/usr/local/texlive/2023/texmf-dist/tex/generic/pgf/math/pgfmathfunctions.rando
m.code.tex)
(/usr/local/texlive/2023/texmf-dist/tex/generic/pgf/math/pgfmathfunctions.compa
rison.code.tex)
(/usr/local/texlive/2023/texmf-dist/tex/generic/pgf/math/pgfmathfunctions.base.
code.tex)
(/usr/local/texlive/2023/texmf-dist/tex/generic/pgf/math/pgfmathfunctions.round
.code.tex)
(/usr/local/texlive/2023/texmf-dist/tex/generic/pgf/math/pgfmathfunctions.misc.
code.tex)
(/usr/local/texlive/2023/texmf-dist/tex/generic/pgf/math/pgfmathfunctions.integ
erarithmetics.code.tex)
(/usr/local/texlive/2023/texmf-dist/tex/generic/pgf/math/pgfmathcalc.code.tex)
(/usr/local/texlive/2023/texmf-dist/tex/generic/pgf/math/pgfmathfloat.code.tex
\c@pgfmathroundto@lastzeros=\count270
)) (/usr/local/texlive/2023/texmf-dist/tex/generic/pgf/math/pgfint.code.tex)
(/usr/local/texlive/2023/texmf-dist/tex/generic/pgf/basiclayer/pgfcorepoints.co
de.tex
File: pgfcorepoints.code.tex 2023-01-15 v3.1.10 (3.1.10)
\pgf@picminx=\dimen156
\pgf@picmaxx=\dimen157
\pgf@picminy=\dimen158
\pgf@picmaxy=\dimen159
\pgf@pathminx=\dimen160
\pgf@pathmaxx=\dimen161
\pgf@pathminy=\dimen162
\pgf@pathmaxy=\dimen163
\pgf@xx=\dimen164
\pgf@xy=\dimen165
\pgf@yx=\dimen166
\pgf@yy=\dimen167
\pgf@zx=\dimen168
\pgf@zy=\dimen169
)
(/usr/local/texlive/2023/texmf-dist/tex/generic/pgf/basiclayer/pgfcorepathconst
ruct.code.tex
File: pgfcorepathconstruct.code.tex 2023-01-15 v3.1.10 (3.1.10)
\pgf@path@lastx=\dimen170
\pgf@path@lasty=\dimen171
)
(/usr/local/texlive/2023/texmf-dist/tex/generic/pgf/basiclayer/pgfcorepathusage
.code.tex
File: pgfcorepathusage.code.tex 2023-01-15 v3.1.10 (3.1.10)
\pgf@shorten@end@additional=\dimen172
\pgf@shorten@start@additional=\dimen173
)
(/usr/local/texlive/2023/texmf-dist/tex/generic/pgf/basiclayer/pgfcorescopes.co
de.tex
File: pgfcorescopes.code.tex 2023-01-15 v3.1.10 (3.1.10)
\pgfpic=\box53
\pgf@hbox=\box54
\pgf@layerbox@main=\box55
\pgf@picture@serial@count=\count271
)
(/usr/local/texlive/2023/texmf-dist/tex/generic/pgf/basiclayer/pgfcoregraphicst
ate.code.tex
File: pgfcoregraphicstate.code.tex 2023-01-15 v3.1.10 (3.1.10)
\pgflinewidth=\dimen174
)
(/usr/local/texlive/2023/texmf-dist/tex/generic/pgf/basiclayer/pgfcoretransform
ations.code.tex
File: pgfcoretransformations.code.tex 2023-01-15 v3.1.10 (3.1.10)
\pgf@pt@x=\dimen175
\pgf@pt@y=\dimen176
\pgf@pt@temp=\dimen177
)
(/usr/local/texlive/2023/texmf-dist/tex/generic/pgf/basiclayer/pgfcorequick.cod
e.tex
File: pgfcorequick.code.tex 2023-01-15 v3.1.10 (3.1.10)
)
(/usr/local/texlive/2023/texmf-dist/tex/generic/pgf/basiclayer/pgfcoreobjects.c
ode.tex
File: pgfcoreobjects.code.tex 2023-01-15 v3.1.10 (3.1.10)
)
(/usr/local/texlive/2023/texmf-dist/tex/generic/pgf/basiclayer/pgfcorepathproce
ssing.code.tex
File: pgfcorepathprocessing.code.tex 2023-01-15 v3.1.10 (3.1.10)
)
(/usr/local/texlive/2023/texmf-dist/tex/generic/pgf/basiclayer/pgfcorearrows.co
de.tex
File: pgfcorearrows.code.tex 2023-01-15 v3.1.10 (3.1.10)
\pgfarrowsep=\dimen178
)
(/usr/local/texlive/2023/texmf-dist/tex/generic/pgf/basiclayer/pgfcoreshade.cod
e.tex
File: pgfcoreshade.code.tex 2023-01-15 v3.1.10 (3.1.10)
\pgf@max=\dimen179
\pgf@sys@shading@range@num=\count272
\pgf@shadingcount=\count273
)
(/usr/local/texlive/2023/texmf-dist/tex/generic/pgf/basiclayer/pgfcoreimage.cod
e.tex
File: pgfcoreimage.code.tex 2023-01-15 v3.1.10 (3.1.10)
)
(/usr/local/texlive/2023/texmf-dist/tex/generic/pgf/basiclayer/pgfcoreexternal.
code.tex
File: pgfcoreexternal.code.tex 2023-01-15 v3.1.10 (3.1.10)
\pgfexternal@startupbox=\box56
)
(/usr/local/texlive/2023/texmf-dist/tex/generic/pgf/basiclayer/pgfcorelayers.co
de.tex
File: pgfcorelayers.code.tex 2023-01-15 v3.1.10 (3.1.10)
)
(/usr/local/texlive/2023/texmf-dist/tex/generic/pgf/basiclayer/pgfcoretranspare
ncy.code.tex
File: pgfcoretransparency.code.tex 2023-01-15 v3.1.10 (3.1.10)
)
(/usr/local/texlive/2023/texmf-dist/tex/generic/pgf/basiclayer/pgfcorepatterns.
code.tex
File: pgfcorepatterns.code.tex 2023-01-15 v3.1.10 (3.1.10)
)
(/usr/local/texlive/2023/texmf-dist/tex/generic/pgf/basiclayer/pgfcorerdf.code.
tex
File: pgfcorerdf.code.tex 2023-01-15 v3.1.10 (3.1.10)
)))
(/usr/local/texlive/2023/texmf-dist/tex/generic/pgf/modules/pgfmoduleshapes.cod
e.tex
File: pgfmoduleshapes.code.tex 2023-01-15 v3.1.10 (3.1.10)
\pgfnodeparttextbox=\box57
)
(/usr/local/texlive/2023/texmf-dist/tex/generic/pgf/modules/pgfmoduleplot.code.
tex
File: pgfmoduleplot.code.tex 2023-01-15 v3.1.10 (3.1.10)
)
(/usr/local/texlive/2023/texmf-dist/tex/latex/pgf/compatibility/pgfcomp-version
-0-65.sty
Package: pgfcomp-version-0-65 2023-01-15 v3.1.10 (3.1.10)
\pgf@nodesepstart=\dimen180
\pgf@nodesepend=\dimen181
)
(/usr/local/texlive/2023/texmf-dist/tex/latex/pgf/compatibility/pgfcomp-version
-1-18.sty
Package: pgfcomp-version-1-18 2023-01-15 v3.1.10 (3.1.10)
))
(/usr/local/texlive/2023/texmf-dist/tex/latex/pgf/utilities/pgffor.sty
(/usr/local/texlive/2023/texmf-dist/tex/latex/pgf/utilities/pgfkeys.sty
(/usr/local/texlive/2023/texmf-dist/tex/generic/pgf/utilities/pgfkeys.code.tex)
) (/usr/local/texic/pgf/utilities/pgfkeys.code.tex)
) (/usr/local/texlive/2023/texmf-dist/tex/latex/pgf/math/pgfmath.sty
(/usr/local/texlive/2023/texmf-dist/tex/generic/pgf/math/pgfmath.code.tex))
(/usr/local/texlive/2023/texmf-dist/tex/generic/pgf/utilities/pgffor.code.tex
Package: pgffor 2023-01-15 v3.1.10 (3.1.10)
\pgffor@iter=\dimen182
\pgffor@skip=\dimen183
\pgffor@stack=\toks28
\pgffor@toks=\toks29
))
(/usr/local/texlive/2023/texmf-dist/tex/generic/pgf/frontendlayer/tikz/tikz.cod
e.tex
Package: tikz 2023-01-15 v3.1.10 (3.1.10)

(/usr/local/texlive/2023/texmf-dist/tex/generic/pgf/libraries/pgflibraryplothan
dlers.code.tex
File: pgflibraryplothandlers.code.tex 2023-01-15 v3.1.10 (3.1.10)
\pgf@plot@mark@count=\count274
\pgfplotmarksize=\dimen184
)
\tikz@lastx=\dimen185
\tikz@lasty=\dimen186
\tikz@lastxsaved=\dimen187
\tikz@lastysaved=\dimen188
\tikz@lastmovetox=\dimen189
\tikz@lastmovetoy=\dimen190
\tikzleveldistance=\dimen191
\tikzsiblingdistance=\dimen192
\tikz@figbox=\box58
\tikz@figbox@bg=\box59
\tikz@tempbox=\box60
\tikz@tempbox@bg=\box61
\tikztreelevel=\count275
\tikznumberofchildren=\count276
\tikznumberofcurrentchild=\count277
\tikz@fig@count=\count278

(/usr/local/texlive/2023/texmf-dist/tex/generic/pgf/modules/pgfmodulematrix.cod
e.tex
File: pgfmodulematrix.code.tex 2023-01-15 v3.1.10 (3.1.10)
\pgfmatrixcurrentrow=\count279
\pgfmatrixcurrentcolumn=\count280
\pgf@matrix@numberofcolumns=\count281
)
\tikz@expandcount=\count282

(/usr/local/texlive/2023/texmf-dist/tex/generic/pgf/frontendlayer/tikz/librarie
s/tikzlibrarytopaths.code.tex
File: tikzlibrarytopaths.code.tex 2023-01-15 v3.1.10 (3.1.10)
)))
\sa@box=\box62
runsystem(pdflatex  -shell-escape  -jobname 'ch10-argand-phasors' '\expandafter
\def\csname sa@internal@run\endcsname{1}\input{ch10-argand-phasors}')...execute
d.

\sa@read=\read3

Executing command:
/opt/homebrew/bin/pdf2svg ch10-argand-phasors.pdf ch10-argand-phasors.svg

runsystem(/opt/homebrew/bin/pdf2svg ch10-argand-phasors.pdf ch10-argand-phasors
.svg)...executed.

Class standalone:
Output written on ch10-argand-phasors.svg.
 ) ) 
Here is how much of TeX's memory you used:
 11729 strings out of 476025
 246723 string characters out of 5790017
 1849388 words of memory out of 5000000
 32013 multiletter control sequences out of 15000+600000
 512287 words of font info for 32 fonts, out of 8000000 for 9000
 1141 hyphenation exceptions out of 8191
 117i,1n,118p,426b,90s stack positions out of 10000i,1000n,20000p,200000b,200000s

No pages of output.
PDF statistics:
 3 PDF objects out of 1000 (max. 8388607)
 0 named destinations out of 1000 (max. 500000)
 1 words of extra memory for PDF output out of 10000 (max. 10000000)

scape 2020/05/28 v3.02 Landscape Pages (DPC)
)
(/usr/local/texlive/2023/texmf-dist/tex/latex/psnfss/pifont.sty
Package: pifont 2020/03/25 PSNFSS-v9.3 Pi font support (SPQR) 
LaTeX Font Info:    Trying to load font information for U+pzd on input line 63.


(/usr/local/texlive/2023/texmf-dist/tex/latex/psnfss/upzd.fd
File: upzd.fd 2001/06/04 font definitions for U/pzd.
)
LaTeX Font Info:    Trying to load font information for U+psy on input line 64.


(/usr/local/texlive/2023/texmf-dist/tex/latex/psnfss/upsy.fd
File: upsy.fd 2001/06/04 font definitions for U/psy.
))
(/usr/local/texlive/2023/texmf-dist/tex/latex/multirow/multirow.sty
Package: multirow 2021/03/15 v2.8 Span multiple rows of a table
\multirow@colwidth=\skip50
\multirow@cntb=\count287
\multirow@dima=\skip51
\bigstrutjot=\dimen257
)
(/usr/local/texlive/2023/texmf-dist/tex/latex/tools/longtable.sty
Package: longtable 2021-09-01 v4.17 Multi-page Table package (DPC)
\LTleft=\skip52
\LTright=\skip53
\LTpre=\skip54
\LTpost=\skip55
\LTchunksize=\count288
\LTcapwidth=\dimen258
\LT@head=\box63
\LT@firsthead=\box64
\LT@foot=\box65
\LT@lastfoot=\box66
\LT@gbox=\box67
\LT@cols=\count289
\LT@rows=\count290
\c@LT@tables=\count291
\c@LT@chunks=\count292
\LT@p@ftn=\toks30
)
(/usr/local/texlive/2023/texmf-dist/tex/latex/mhchem/mhchem.sty
Package: mhchem 2021/12/31 v4.09 for typesetting chemical formulae

(/usr/local/texlive/2023/texmf-dist/tex/latex/l3kernel/expl3.sty
Package: expl3 2023-02-22 L3 programming layer (loader) 

(/usr/local/texlive/2023/texmf-dist/tex/latex/l3backend/l3backend-pdftex.def
File: l3backend-pdftex.def 2023-01-16 L3 backend support: PDF output (pdfTeX)
\l__color_backend_stack_int=\count293
\l__pdf_internal_box=\box68
))
(/usr/local/texlive/2023/texmf-dist/tex/latex/l3packages/l3keys2e/l3keys2e.sty
Package: l3keys2e 2023-02-02 LaTeX2e option processing using LaTeX3 keys
) (/usr/local/texlive/2023/texmf-dist/tex/latex/tools/calc.sty
Package: calc 2017/05/25 v4.3 Infix arithmetic (KKT,FJ)
\calc@Acount=\count294
\calc@Bcount=\count295
\calc@Adimen=\dimen259
\calc@Bdimen=\dimen260
\calc@Askip=\skip56
\calc@Bskip=\skip57
LaTeX Info: Redefining \setlength on input line 80.
LaTeX Info: Redefining \addtolength on input line 81.
\calc@Ccount=\count296
\calc@Cskip=\skip58
)
(/usr/local/texlive/2023/texmf-dist/tex/latex/amsmath/amsmath.sty
Package: amsmath 2022/04/08 v2.17n AMS math features
\@mathmargin=\skip59

For additional information on amsmath, use the `?' option.
(/usr/local/texlive/2023/texmf-dist/tex/latex/amsmath/amstext.sty
Package: amstext 2021/08/26 v2.01 AMS text

(/usr/local/texlive/2023/texmf-dist/tex/latex/amsmath/amsgen.sty
File: amsgen.sty 1999/11/30 v2.0 generic functions
\@emptytoks=\toks31
\ex@=\dimen261
))
(/usr/local/texlive/2023/texmf-dist/tex/latex/amsmath/amsbsy.sty
Package: amsbsy 1999/11/29 v1.2d Bold Symbols
\pmbraise@=\dimen262
)
(/usr/local/texlive/2023/texmf-dist/tex/latex/amsmath/amsopn.sty
Package: amsopn 2022/04/08 v2.04 operator names
)
\inf@bad=\count297
LaTeX Info: Redefining \frac on input line 234.
\uproot@=\count298
\leftroot@=\count299
LaTeX Info: Redefining \overline on input line 399.
LaTeX Info: Redefining \colon on input line 410.
\classnum@=\count300
\DOTSCASE@=\count301
LaTeX Info: Redefining \ldots on input line 496.
LaTeX Info: Redefining \dots on input line 499.
LaTeX Info: Redefining \cdots on input line 620.
\Mathstrutbox@=\box69
\strutbox@=\box70
LaTeX Info: Redefining \big on input line 722.
LaTeX Info: Redefining \Big on input line 723.
LaTeX Info: Redefining \bigg on input line 724.
LaTeX Info: Redefining \Bigg on input line 725.
\big@size=\dimen263
LaTeX Font Info:    Redeclaring font encoding OML on input line 743.
LaTeX Font Info:    Redeclaring font encoding OMS on input line 744.
\macc@depth=\count302
LaTeX Info: Redefining \bmod on input line 905.
LaTeX Info: Redefining \pmod on input line 910.
LaTeX Info: Redefining \smash on input line 940.
LaTeX Info: Redefining \relbar on input line 970.
LaTeX Info: Redefining \Relbar on input line 971.
\c@MaxMatrixCols=\count303
\dotsspace@=\muskip16
\c@parentequation=\count304
\dspbrk@lvl=\count305
\tag@help=\toks32
\row@=\count306
\column@=\count307
\maxfields@=\count308
\andhelp@=\toks33
\eqnshift@=\dimen264
\alignsep@=\dimen265
\tagshift@=\dimen266
\tagwidth@=\dimen267
\totwidth@=\dimen268
\lineht@=\dimen269
\@envbody=\toks34
\multlinegap=\skip60
\multlinetaggap=\skip61
\mathdisplay@stack=\toks35
LaTeX Info: Redefining \[ on input line 2953.
LaTeX Info: Redefining \] on input line 2954.
)
(/usr/local/texlive/2023/texmf-dist/tex/latex/chemgreek/chemgreek.sty
(/usr/local/texlive/2023/texmf-dist/tex/latex/l3packages/xparse/xparse.sty
Package: xparse 2023-02-02 L3 Experimental document command parser
)
Package: chemgreek 2020/01/16 v1.1a interface for upright Greek letters for use
 in chemistry (CN)
\l__chemgreek_tmpa_int=\count309
\g__chemgreek_tmpa_int=\count310
)
\l__mhchem_ce_distanceFromLastComma_int=\count311
\__mhchem_arrow_extPgfLength_skip=\skip62
\mhchem@minispace@tmp=\skip63
\mhchem@minibackspace@tmp=\skip64
\mhchem@bondwidth=\skip65
\mhchem@bondheight=\skip66
\mhchem@smallbondwidth@tmpA=\skip67
\mhchem@smallbondwidth@tmpB=\skip68
\mhchem@smallbondwidth=\skip69
\mhchem@bondtmp@minussidebearingleft=\skip70
\mhchem@bondtmp@minussidebearingright=\skip71
\l__mhchem_option_version_int=\count312
\mhchem@option@minusmathsidebearingleft=\dimen270
\mhchem@option@minusmathsidebearingright=\dimen271
\mhchem@option@minustextsidebearingleft=\dimen272
\mhchem@option@minustextsidebearingright=\dimen273
)
(/usr/local/texlive/2023/texmf-dist/tex/latex/l3packages/xfrac/xfrac.sty
(/usr/local/texlive/2023/texmf-dist/tex/latex/base/textcomp.sty
Package: textcomp 2020/02/02 v2.0n Standard LaTeX package
)
(/usr/local/texlive/2023/texmf-dist/tex/latex/l3packages/xtemplate/xtemplate.st
y
Package: xtemplate 2023-02-02 L3 Experimental prototype document functions
\l__xtemplate_tmp_dim=\dimen274
\l__xtemplate_tmp_int=\count313
\l__xtemplate_tmp_muskip=\muskip17
\l__xtemplate_tmp_skip=\skip72
)
Package: xfrac 2023-02-02 L3 Experimental split-level fractions
\l__xfrac_slash_box=\box71
\l__xfrac_tmp_box=\box72
\l__xfrac_denominator_bot_sep_dim=\dimen275
\l__xfrac_numerator_bot_sep_dim=\dimen276
\l__xfrac_numerator_top_sep_dim=\dimen277
\l__xfrac_slash_left_sep_dim=\dimen278
\l__xfrac_slash_right_sep_dim=\dimen279
\l__xfrac_slash_left_muskip=\muskip18
\l__xfrac_slash_right_muskip=\muskip19

Package xtemplate Info: Declaring object type 'xfrac' taking 3 argument(s) on
(xtemplate)             line 80.

) (/usr/local/texlive/2023/texmf-dist/tex/latex/hyperref/hyperref.sty
Package: hyperref 2023-02-07 v7.00v Hypertext links for LaTeX

(/usr/local/texlive/2023/texmf-dist/tex/generic/ltxcmds/ltxcmds.sty
Package: ltxcmds 2020-05-10 v1.25 LaTeX kernel commands for general use (HO)
)
(/usr/local/texlive/2023/texmf-dist/tex/generic/pdftexcmds/pdftexcmds.sty
Package: pdftexcmds 2020-06-27 v0.33 Utility functions of pdfTeX for LuaTeX (HO
)

(/usr/local/texlive/2023/texmf-dist/tex/generic/infwarerr/infwarerr.sty
Package: infwarerr 2019/12/03 v1.5 Providing info/warning/error messages (HO)
)
Package pdftexcmds Info: \pdf@primitive is available.
Package pdftexcmds Info: \pdf@ifprimitive is available.
Package pdftexcmds Info: \pdfdraftmode found.
)
(/usr/local/texlive/2023/texmf-dist/tex/latex/kvsetkeys/kvsetkeys.sty
Package: kvsetkeys 2022-10-05 v1.19 Key value parser (HO)
)
(/usr/local/texlive/2023/texmf-dist/tex/generic/kvdefinekeys/kvdefinekeys.sty
Package: kvdefinekeys 2019-12-19 v1.6 Define keys (HO)
)
(/usr/local/texlive/2023/texmf-dist/tex/generic/pdfescape/pdfescape.sty
Package: pdfescape 2019/12/09 v1.15 Implements pdfTeX's escape features (HO)
)
(/usr/local/texlive/2023/texmf-dist/tex/latex/hycolor/hycolor.sty
Package: hycolor 2020-01-27 v1.10 Color options for hyperref/bookmark (HO)
)
(/usr/local/texlive/2023/texmf-dist/tex/latex/letltxmacro/letltxmacro.sty
Package: letltxmacro 2019/12/03 v1.6 Let assignment for LaTeX macros (HO)
)
(/usr/local/texlive/2023/texmf-dist/tex/latex/auxhook/auxhook.sty
Package: auxhook 2019-12-17 v1.6 Hooks for auxiliary files (HO)
)
(/usr/local/texlive/2023/texmf-dist/tex/latex/hyperref/nameref.sty
Package: nameref 2022-05-17 v2.50 Cross-referencing by name of section

(/usr/local/texlive/2023/texmf-dist/tex/latex/refcount/refcount.sty
Package: refcount 2019/12/15 v3.6 Data extraction from label references (HO)
)
(/usr/local/texlive/2023/texmf-dist/tex/generic/gettitlestring/gettitlestring.s
ty
Package: gettitlestring 2019/12/15 v1.6 Cleanup title references (HO)
 (/usr/local/texlive/2023/texmf-dist/tex/latex/kvoptions/kvoptions.sty
Package: kvoptions 2022-06-15 v3.15 Key value format for package options (HO)
))
\c@section@level=\count314
)
\@linkdim=\dimen280
\Hy@linkcounter=\count315
\Hy@pagecounter=\count316

(/usr/local/texlive/2023/texmf-dist/tex/latex/hyperref/pd1enc.def
File: pd1enc.def 2023-02-07 v7.00v Hyperref: PDFDocEncoding definition (HO)
Now handling font encoding PD1 ...
... no UTF-8 mapping file for font encoding PD1
)
(/usr/local/texlive/2023/texmf-dist/tex/generic/intcalc/intcalc.sty
Package: intcalc 2019/12/15 v1.3 Expandable calculations with integers (HO)
)
(/usr/local/texlive/2023/texmf-dist/tex/generic/etexcmds/etexcmds.sty
Package: etexcmds 2019/12/15 v1.7 Avoid name clashes with e-TeX commands (HO)
)
\Hy@SavedSpaceFactor=\count317

(/usr/local/texlive/2023/texmf-dist/tex/latex/hyperref/puenc.def
File: puenc.def 2023-02-07 v7.00v Hyperref: PDF Unicode definition (HO)
Now handling font encoding PU ...
... no UTF-8 mapping file for font encoding PU
)
Package hyperref Info: Option `colorlinks' set `true' on input line 4060.
Package hyperref Info: Hyper figures OFF on input line 4177.
Package hyperref Info: Link nesting OFF on input line 4182.
Package hyperref Info: Hyper index ON on input line 4185.
Package hyperref Info: Plain pages OFF on input line 4192.
Package hyperref Info: Backreferencing OFF on input line 4197.
Package hyperref Info: Implicit mode ON; LaTeX internals redefined.
Package hyperref Info: Bookmarks ON on input line 4425.
\c@Hy@tempcnt=\count318

(/usr/local/texlive/2023/texmf-dist/tex/latex/url/url.sty
\Urlmuskip=\muskip20
Package: url 2013/09/16  ver 3.4  Verb mode for urls, etc.
)
LaTeX Info: Redefining \url on input line 4763.
\XeTeXLinkMargin=\dimen281

(/usr/local/texlive/2023/texmf-dist/tex/generic/bitset/bitset.sty
Package: bitset 2019/12/09 v1.3 Handle bit-vector datatype (HO)

(/usr/local/texlive/2023/texmf-dist/tex/generic/bigintcalc/bigintcalc.sty
Package: bigintcalc 2019/12/15 v1.5 Expandable calculations on big integers (HO
)
))
\Fld@menulength=\count319
\Field@Width=\dimen282
\Fld@charsize=\dimen283
Package hyperref Info: Hyper figures OFF on input line 6042.
Package hyperref Info: Link nesting OFF on input line 6047.
Package hyperref Info: Hyper index ON on input line 6050.
Package hyperref Info: backreferencing OFF on input line 6057.
Package hyperref Info: Link coloring ON on input line 6060.
Package hyperref Info: Link coloring with OCG OFF on input line 6067.
Package hyperref Info: PDF/A mode OFF on input line 6072.

(/usr/local/texlive/2023/texmf-dist/tex/latex/base/atbegshi-ltx.sty
Package: atbegshi-ltx 2021/01/10 v1.0c Emulation of the original atbegshi
package with kernel methods
)
\Hy@abspage=\count320
\c@Item=\count321
\c@Hfootnote=\count322
)
Package hyperref Info: Driver (autodetected): hpdftex.

(/usr/local/texlive/2023/texmf-dist/tex/latex/hyperref/hpdftex.def
File: hpdftex.def 2023-02-07 v7.00v Hyperref driver for pdfTeX

(/usr/local/texlive/2023/texmf-dist/tex/latex/base/atveryend-ltx.sty
Package: atveryend-ltx 2020/08/19 v1.0a Emulation of the original atveryend pac
kage
with kernel methods
)
\Fld@listcount=\count323
\c@bookmark@seq@number=\count324

(/usr/local/texlive/2023/texmf-dist/tex/latex/rerunfilecheck/rerunfilecheck.sty
Package: rerunfilecheck 2022-07-10 v1.10 Rerun checks for auxiliary files (HO)

(/usr/local/texlive/2023/texmf-dist/tex/generic/uniquecounter/uniquecounter.sty
Package: uniquecounter 2019/12/15 v1.4 Provide unlimited unique counter (HO)
)
Package uniquecounter Info: New unique counter `rerunfilecheck' on input line 2
85.
)
\Hy@SectionHShift=\skip73
) (/usr/local/texlive/2023/texmf-dist/tex/latex/gensymb/gensymb.sty
Package: gensymb 2022/10/17 v1.0.2 (KJH)
)
(/usr/local/texlive/2023/texmf-dist/tex/latex/tools/multicol.sty
Package: multicol 2021/11/30 v1.9d multicolumn formatting (FMi)
\c@tracingmulticols=\count325
\mult@box=\box73
\multicol@leftmargin=\dimen284
\c@unbalance=\count326
\c@collectmore=\count327
\doublecol@number=\count328
\multicoltolerance=\count329
\multicolpretolerance=\count330
\full@width=\dimen285
\page@free=\dimen286
\premulticols=\dimen287
\postmulticols=\dimen288
\multicolsep=\skip74
\multicolbaselineskip=\skip75
\partial@page=\box74
\last@line=\box75
\maxbalancingoverflow=\dimen289
\mult@rightbox=\box76
\mult@grightbox=\box77
\mult@firstbox=\box78
\mult@gfirstbox=\box79
\@tempa=\box80
\@tempa=\box81
\@tempa=\box82
\@tempa=\box83
\@tempa=\box84
\@tempa=\box85
\@tempa=\box86
\@tempa=\box87
\@tempa=\box88
\@tempa=\box89
\@tempa=\box90
\@tempa=\box91
\@tempa=\box92
\@tempa=\box93
\@tempa=\box94
\@tempa=\box95
\@tempa=\box96
\@tempa=\box97
\@tempa=\box98
\@tempa=\box99
\@tempa=\box100
\@tempa=\box101
\@tempa=\box102
\@tempa=\box103
\@tempa=\box104
\@tempa=\box105
\@tempa=\box106
\@tempa=\box107
\@tempa=\box108
\@tempa=\box109
\@tempa=\box110
\@tempa=\box111
\@tempa=\box112
\@tempa=\box113
\@tempa=\box114
\@tempa=\box115
\c@minrows=\count331
\c@columnbadness=\count332
\c@finalcolumnbadness=\count333
\last@try=\dimen290
\multicolovershoot=\dimen291
\multicolundershoot=\dimen292
\mult@nat@firstbox=\box116
\colbreak@box=\box117
\mc@col@check@num=\count334
)
\c@reaction=\count335

(/usr/local/texlive/2023/texmf-dist/tex/latex/geometry/geometry.sty
Package: geometry 2020/01/02 v5.9 Page Geometry

(/usr/local/texlive/2023/texmf-dist/tex/generic/iftex/ifvtex.sty
Package: ifvtex 2019/10/25 v1.7 ifvtex legacy package. Use iftex instead.
)
\Gm@cnth=\count336
\Gm@cntv=\count337
\c@Gm@tempcnt=\count338
\Gm@bindingoffset=\dimen293
\Gm@wd@mp=\dimen294
\Gm@odd@mp=\dimen295
\Gm@even@mp=\dimen296
\Gm@layoutwidth=\dimen297
\Gm@layoutheight=\dimen298
\Gm@layouthoffset=\dimen299
\Gm@layoutvoffset=\dimen300
\Gm@dimlist=\toks36
)
(/usr/local/texlive/2023/texmf-dist/tex/latex/preprint/fullpage.sty
Package: fullpage 1999/02/23 1.1 (PWD)
\FP@margin=\skip76
)
(/usr/local/texlive/2023/texmf-dist/tex/latex/fancyhdr/fancyhdr.sty
Package: fancyhdr 2022/11/09 v4.1 Extensive control of page headers and footers

\f@nch@headwidth=\skip77
\f@nch@O@elh=\skip78
\f@nch@O@erh=\skip79
\f@nch@O@olh=\skip80
\f@nch@O@orh=\skip81
\f@nch@O@elf=\skip82
\f@nch@O@erf=\skip83
\f@nch@O@olf=\skip84
\f@nch@O@orf=\skip85
)
(/usr/local/texlive/2023/texmf-dist/tex/latex/cite/cite.sty
LaTeX Info: Redefining \cite on input line 302.
LaTeX Info: Redefining \nocite on input line 332.
Package: cite 2015/02/27  v 5.5
)
(/usr/local/texlive/2023/texmf-dist/tex/latex/chemstyle/chemstyle.sty
Package: chemstyle 2013/07/03 v2.0m Schemes and style for chemistry

(/usr/local/texlive/2023/texmf-dist/tex/latex/chemstyle/chemscheme.sty
Package: chemscheme 2013/07/03 v2.0m Schemes for chemistry

(/usr/local/texlive/2023/texmf-dist/tex/latex/psfrag/psfrag.sty
Package: psfrag 1998/04/11 v3.04 PSfrag (MCG)
\pfg@pcount=\count339
\pfg@scount=\count340
\pfg@temp=\write4
)
\cst@ref@count=\count341
)
(/usr/local/texlive/2023/texmf-dist/tex/latex/tools/xspace.sty
Package: xspace 2014/10/28 v1.13 Space after command names (DPC,MH)
)
(/usr/local/texlive/2023/texmf-dist/tex/latex/siunitx/siunitx.sty
Package: siunitx 2023-03-04 v3.2.2 A comprehensive (SI) units package
\l__siunitx_angle_tmp_dim=\dimen301
\l__siunitx_angle_marker_box=\box118
\l__siunitx_angle_unit_box=\box119
\l__siunitx_compound_count_int=\count342

(/usr/local/texlive/2023/texmf-dist/tex/latex/translations/translations.sty
Package: translations 2022/02/05 v1.12 internationalization of LaTeX2e packages
 (CN)

(/usr/local/texlive/2023/texmf-dist/tex/latex/etoolbox/etoolbox.sty
Package: etoolbox 2020/10/05 v2.5k e-TeX tools for LaTeX (JAW)
\etb@tempcnta=\count343
))
\l__siunitx_number_exponent_fixed_int=\count344
\l__siunitx_number_min_decimal_int=\count345
\l__siunitx_number_min_integer_int=\count346
\l__siunitx_number_round_precision_int=\count347
\l__siunitx_number_lower_threshold_int=\count348
\l__siunitx_number_upper_threshold_int=\count349
\l__siunitx_number_group_first_int=\count350
\l__siunitx_number_group_size_int=\count351
\l__siunitx_number_group_minimum_int=\count352
\l__siunitx_table_tmp_box=\box120
\l__siunitx_table_tmp_dim=\dimen302
\l__siunitx_table_column_width_dim=\dimen303
\l__siunitx_table_integer_box=\box121
\l__siunitx_table_decimal_box=\box122
\l__siunitx_table_uncert_box=\box123
\l__siunitx_table_before_box=\box124
\l__siunitx_table_after_box=\box125
\l__siunitx_table_before_dim=\dimen304
\l__siunitx_table_carry_dim=\dimen305
\l__siunitx_unit_tmp_int=\count353
\l__siunitx_unit_position_int=\count354
\l__siunitx_unit_total_int=\count355

(/usr/local/texlive/2023/texmf-dist/tex/latex/tools/array.sty
Package: array 2022/09/04 v2.5g Tabular extension package (FMi)
\col@sep=\dimen306
\ar@mcellbox=\box126
\extrarowheight=\dimen307
\NC@list=\toks37
\extratabsurround=\skip86
\backup@length=\skip87
\ar@cellbox=\box127
))

Package siunitx Warning: Option "load-configurations" has been removed in this
(siunitx)                release.


Package siunitx Warning: Option "load-configurations" has been removed in this
(siunitx)                release.

(/usr/local/texlive/2023/texmf-dist/tex/latex/floatrow/floatrow.sty
Package: floatrow 2008/08/02 v0.3b floatrow: float package extension
\c@float@type=\count356
\float@exts=\toks38
\float@box=\box128
\@floatcapt=\box129
Package floatrow Info: Modified float package code loaded on input line 455.
Package floatrow Info: Modified rotfloat package code loaded on input line 473.

\FR@everyfloat=\toks39
\flrow@foot=\insert252
\FB@wd=\dimen308
\FBo@wd=\dimen309
\FBc@wd=\dimen310
\FBo@ht=\skip88
\FBc@ht=\skip89
\FBf@ht=\skip90
\FBo@max=\skip91
\FBc@max=\skip92
\FBf@max=\skip93
\c@FBl@b=\count357
\floatbox@depth=\count358
\c@FRobj=\count359
\c@FRsobj=\count360
\Xhsize=\skip94
\sXhsize=\skip95
\Zhsize=\skip96
\sZhsize=\skip97
\flrow@rowbox=\box130
\FR@Zunitlength=\dimen311
\c@FBcnt=\count361
\FPOScnt=\count362
\LTleft=\skip98
\LTright=\skip99
\LTleft=\skip100
\LTright=\skip101
\flrow@types=\toks40
)
\c@scheme=\count363

(/usr/local/texlive/2023/texmf-dist/tex/latex/chemcompounds/chemcompounds.sty
Package: chemcompounds 2006/12/01 v1.1.3 Dictionary for compound numbering
\c@chemcompounds@counter=\count364
)) (/usr/local/texlive/2023/texmf-dist/tex/latex/arev/arev.sty
Package: arev 2005/06/14 0.1 Arev Sans package

(/usr/local/texlive/2023/texmf-dist/tex/latex/arev/arevtext.sty
Package: arevtext 2005/09/01 0.1 Arev Sans Text package

(/usr/local/texlive/2023/texmf-dist/tex/latex/base/fontenc.sty
Package: fontenc 2021/04/29 v2.0v Standard LaTeX package
))
(/usr/local/texlive/2023/texmf-dist/tex/latex/arev/arevmath.sty
Package: arevmath 2006/02/19 0.1 Arev Sans Math package

(/usr/local/texlive/2023/texmf-dist/tex/latex/amsfonts/amssymb.sty
Package: amssymb 2013/01/14 v3.01 AMS font symbols

(/usr/local/texlive/2023/texmf-dist/tex/latex/amsfonts/amsfonts.sty
Package: amsfonts 2013/01/14 v3.01 Basic AMSFonts support
\symAMSa=\mathgroup4
\symAMSb=\mathgroup5
LaTeX Font Info:    Redeclaring math symbol \hbar on input line 98.
LaTeX Font Info:    Overwriting math alphabet `\mathfrak' in version `bold'
(Font)                  U/euf/m/n --> U/euf/b/n on input line 106.
))
(/usr/local/texlive/2023/texmf-dist/tex/latex/arev/ams-mdbch.sty
Package: ams-mdbch 2005/05/08 v1.4 Bold mdbch (Math Design Project) to replace 
AMS fonts
Now handling font encoding MDA ...
... no UTF-8 mapping file for font encoding MDA
\symmathdesignA=\mathgroup6
LaTeX Font Info:    Overwriting symbol font `mathdesignA' in version `bold'
(Font)                  MDA/mdbch/b/n --> MDA/mdbch/b/n on input line 47.
LaTeX Font Info:    Overwriting encoding scheme math defaults on input line 52.

LaTeX Info: Redefining \bold on input line 64.
LaTeX Font Info:    Redeclaring math delimiter \ulcorner on input line 82.
LaTeX Font Info:    Redeclaring math delimiter \urcorner on input line 83.
LaTeX Font Info:    Redeclaring math delimiter \llcorner on input line 84.
LaTeX Font Info:    Redeclaring math delimiter \lrcorner on input line 85.
LaTeX Font Info:    Redeclaring math accent \widetilde on input line 86.
LaTeX Font Info:    Redeclaring math accent \widehat on input line 87.
LaTeX Font Info:    Redeclaring math symbol \dabar@ on input line 88.
LaTeX Font Info:    Redeclaring math symbol \lvertneqq on input line 96.
LaTeX Font Info:    Redeclaring math symbol \gvertneqq on input line 97.
LaTeX Font Info:    Redeclaring math symbol \nleq on input line 98.
LaTeX Font Info:    Redeclaring math symbol \ngeq on input line 99.
LaTeX Font Info:    Redeclaring math symbol \nless on input line 100.
LaTeX Font Info:    Redeclaring math symbol \ngtr on input line 101.
LaTeX Font Info:    Redeclaring math symbol \nprec on input line 102.
LaTeX Font Info:    Redeclaring math symbol \nsucc on input line 103.
LaTeX Font Info:    Redeclaring math symbol \lneqq on input line 104.
LaTeX Font Info:    Redeclaring math symbol \gneqq on input line 105.
LaTeX Font Info:    Redeclaring math symbol \nleqslant on input line 106.
LaTeX Font Info:    Redeclaring math symbol \ngeqslant on input line 107.
LaTeX Font Info:    Redeclaring math symbol \lneq on input line 108.
LaTeX Font Info:    Redeclaring math symbol \gneq on input line 109.
LaTeX Font Info:    Redeclaring math symbol \npreceq on input line 110.
LaTeX Font Info:    Redeclaring math symbol \nsucceq on input line 111.
LaTeX Font Info:    Redeclaring math symbol \precnsim on input line 112.
LaTeX Font Info:    Redeclaring math symbol \succnsim on input line 113.
LaTeX Font Info:    Redeclaring math symbol \lnsim on input line 114.
LaTeX Font Info:    Redeclaring math symbol \gnsim on input line 115.
LaTeX Font Info:    Redeclaring math symbol \nleqq on input line 116.
LaTeX Font Info:    Redeclaring math symbol \ngeqq on input line 117.
LaTeX Font Info:    Redeclaring math symbol \precneqq on input line 118.
LaTeX Font Info:    Redeclaring math symbol \succneqq on input line 119.
LaTeX Font Info:    Redeclaring math symbol \precnapprox on input line 120.
LaTeX Font Info:    Redeclaring math symbol \succnapprox on input line 121.
LaTeX Font Info:    Redeclaring math symbol \lnapprox on input line 122.
LaTeX Font Info:    Redeclaring math symbol \gnapprox on input line 123.
LaTeX Font Info:    Redeclaring math symbol \nsim on input line 124.
LaTeX Font Info:    Redeclaring math symbol \ncong on input line 125.
LaTeX Font Info:    Redeclaring math symbol \diagup on input line 126.
LaTeX Font Info:    Redeclaring math symbol \diagdown on input line 127.
LaTeX Font Info:    Redeclaring math symbol \varsubsetneq on input line 128.
LaTeX Font Info:    Redeclaring math symbol \varsupsetneq on input line 129.
LaTeX Font Info:    Redeclaring math symbol \nsubseteqq on input line 130.
LaTeX Font Info:    Redeclaring math symbol \nsupseteqq on input line 131.
LaTeX Font Info:    Redeclaring math symbol \subsetneqq on input line 132.
LaTeX Font Info:    Redeclaring math symbol \supsetneqq on input line 133.
LaTeX Font Info:    Redeclaring math symbol \varsubsetneqq on input line 134.
LaTeX Font Info:    Redeclaring math symbol \varsupsetneqq on input line 135.
LaTeX Font Info:    Redeclaring math symbol \subsetneq on input line 136.
LaTeX Font Info:    Redeclaring math symbol \supsetneq on input line 137.
LaTeX Font Info:    Redeclaring math symbol \nsubseteq on input line 138.
LaTeX Font Info:    Redeclaring math symbol \nsupseteq on input line 139.
LaTeX Font Info:    Redeclaring math symbol \nparallel on input line 140.
LaTeX Font Info:    Redeclaring math symbol \nmid on input line 141.
LaTeX Font Info:    Redeclaring math symbol \nshortmid on input line 142.
LaTeX Font Info:    Redeclaring math symbol \nshortparallel on input line 143.
LaTeX Font Info:    Redeclaring math symbol \nvdash on input line 144.
LaTeX Font Info:    Redeclaring math symbol \nVdash on input line 145.
LaTeX Font Info:    Redeclaring math symbol \nvDash on input line 146.
LaTeX Font Info:    Redeclaring math symbol \nVDash on input line 147.
LaTeX Font Info:    Redeclaring math symbol \ntrianglerighteq on input line 148
.
LaTeX Font Info:    Redeclaring math symbol \ntrianglelefteq on input line 149.

LaTeX Font Info:    Redeclaring math symbol \ntriangleleft on input line 150.
LaTeX Font Info:    Redeclaring math symbol \ntriangleright on input line 151.
LaTeX Font Info:    Redeclaring math symbol \nleftarrow on input line 152.
LaTeX Font Info:    Redeclaring math symbol \nrightarrow on input line 153.
LaTeX Font Info:    Redeclaring math symbol \nLeftarrow on input line 154.
LaTeX Font Info:    Redeclaring math symbol \nRightarrow on input line 155.
LaTeX Font Info:    Redeclaring math symbol \nLeftrightarrow on input line 156.

LaTeX Font Info:    Redeclaring math symbol \nleftrightarrow on input line 157.

LaTeX Font Info:    Redeclaring math symbol \divideontimes on input line 158.
LaTeX Font Info:    Redeclaring math symbol \varnothing on input line 159.
LaTeX Font Info:    Redeclaring math symbol \nexists on input line 160.
LaTeX Font Info:    Redeclaring math symbol \Join on input line 161.
LaTeX Font Info:    Redeclaring math symbol \Finv on input line 165.
LaTeX Font Info:    Redeclaring math symbol \Game on input line 166.
LaTeX Font Info:    Redeclaring math symbol \eqsim on input line 167.
LaTeX Font Info:    Redeclaring math symbol \beth on input line 168.
LaTeX Font Info:    Redeclaring math symbol \gimel on input line 169.
LaTeX Font Info:    Redeclaring math symbol \daleth on input line 170.
LaTeX Font Info:    Redeclaring math symbol \lessdot on input line 171.
LaTeX Font Info:    Redeclaring math symbol \gtrdot on input line 172.
LaTeX Font Info:    Redeclaring math symbol \ltimes on input line 173.
LaTeX Font Info:    Redeclaring math symbol \rtimes on input line 174.
LaTeX Font Info:    Redeclaring math symbol \shortmid on input line 175.
LaTeX Font Info:    Redeclaring math symbol \shortparallel on input line 176.
LaTeX Font Info:    Redeclaring math symbol \smallsetminus on input line 177.
LaTeX Font Info:    Redeclaring math symbol \thicksim on input line 178.
LaTeX Font Info:    Redeclaring math symbol \thickapprox on input line 179.
LaTeX Font Info:    Redeclaring math symbol \approxeq on input line 180.
LaTeX Font Info:    Redeclaring math symbol \succapprox on input line 181.
LaTeX Font Info:    Redeclaring math symbol \precapprox on input line 182.
LaTeX Font Info:    Redeclaring math symbol \curvearrowleft on input line 183.
LaTeX Font Info:    Redeclaring math symbol \curvearrowright on input line 184.

LaTeX Font Info:    Redeclaring math symbol \Bbbk on input line 189.
LaTeX Font Info:    Redeclaring math symbol \backepsilon on input line 190.
LaTeX Font Info:    Redeclaring math symbol \boxdot on input line 192.
LaTeX Font Info:    Redeclaring math symbol \boxplus on input line 193.
LaTeX Font Info:    Redeclaring math symbol \boxtimes on input line 194.
LaTeX Font Info:    Redeclaring math symbol \square on input line 195.
LaTeX Font Info:    Redeclaring math symbol \blacksquare on input line 196.
LaTeX Font Info:    Redeclaring math symbol \centerdot on input line 197.
LaTeX Font Info:    Redeclaring math symbol \lozenge on input line 198.
LaTeX Font Info:    Redeclaring math symbol \blacklozenge on input line 199.
LaTeX Font Info:    Redeclaring math symbol \circlearrowright on input line 200
.
LaTeX Font Info:    Redeclaring math symbol \circlearrowleft on input line 201.

LaTeX Font Info:    Redeclaring math symbol \rightleftharpoons on input line 20
3.
LaTeX Font Info:    Redeclaring math symbol \leftrightharpoons on input line 20
4.
LaTeX Font Info:    Redeclaring math symbol \boxminus on input line 205.
LaTeX Font Info:    Redeclaring math symbol \Vdash on input line 206.
LaTeX Font Info:    Redeclaring math symbol \Vvdash on input line 207.
LaTeX Font Info:    Redeclaring math symbol \vDash on input line 208.
LaTeX Font Info:    Redeclaring math symbol \twoheadrightarrow on input line 20
9.
LaTeX Font Info:    Redeclaring math symbol \twoheadleftarrow on input line 210
.
LaTeX Font Info:    Redeclaring math symbol \leftleftarrows on input line 211.
LaTeX Font Info:    Redeclaring math symbol \rightrightarrows on input line 212
.
LaTeX Font Info:    Redeclaring math symbol \upuparrows on input line 213.
LaTeX Font Info:    Redeclaring math symbol \downdownarrows on input line 214.
LaTeX Font Info:    Redeclaring math symbol \upharpoonright on input line 215.
LaTeX Font Info:    Redeclaring math symbol \downharpoonright on input line 217
.
LaTeX Font Info:    Redeclaring math symbol \upharpoonleft on input line 218.
LaTeX Font Info:    Redeclaring math symbol \downharpoonleft on input line 219.

LaTeX Font Info:    Redeclaring math symbol \rightarrowtail on input line 220.
LaTeX Font Info:    Redeclaring math symbol \leftarrowtail on input line 221.
LaTeX Font Info:    Redeclaring math symbol \leftrightarrows on input line 222.

LaTeX Font Info:    Redeclaring math symbol \rightleftarrows on input line 223.

LaTeX Font Info:    Redeclaring math symbol \Lsh on input line 224.
LaTeX Font Info:    Redeclaring math symbol \Rsh on input line 225.
LaTeX Font Info:    Redeclaring math symbol \rightsquigarrow on input line 226.

LaTeX Font Info:    Redeclaring math symbol \leftrightsquigarrow on input line 
227.
LaTeX Font Info:    Redeclaring math symbol \looparrowleft on input line 228.
LaTeX Font Info:    Redeclaring math symbol \looparrowright on input line 229.
LaTeX Font Info:    Redeclaring math symbol \circeq on input line 230.
LaTeX Font Info:    Redeclaring math symbol \succsim on input line 231.
LaTeX Font Info:    Redeclaring math symbol \gtrsim on input line 232.
LaTeX Font Info:    Redeclaring math symbol \gtrapprox on input line 233.
LaTeX Font Info:    Redeclaring math symbol \multimap on input line 234.
LaTeX Font Info:    Redeclaring math symbol \therefore on input line 235.
LaTeX Font Info:    Redeclaring math symbol \because on input line 236.
LaTeX Font Info:    Redeclaring math symbol \doteqdot on input line 237.
LaTeX Font Info:    Redeclaring math symbol \triangleq on input line 239.
LaTeX Font Info:    Redeclaring math symbol \precsim on input line 240.
LaTeX Font Info:    Redeclaring math symbol \lesssim on input line 241.
LaTeX Font Info:    Redeclaring math symbol \lessapprox on input line 242.
LaTeX Font Info:    Redeclaring math symbol \eqslantless on input line 243.
LaTeX Font Info:    Redeclaring math symbol \eqslantgtr on input line 244.
LaTeX Font Info:    Redeclaring math symbol \curlyeqprec on input line 245.
LaTeX Font Info:    Redeclaring math symbol \curlyeqsucc on input line 246.
LaTeX Font Info:    Redeclaring math symbol \preccurlyeq on input line 247.
LaTeX Font Info:    Redeclaring math symbol \leqq on input line 248.
LaTeX Font Info:    Redeclaring math symbol \leqslant on input line 249.
LaTeX Font Info:    Redeclaring math symbol \lessgtr on input line 250.
LaTeX Font Info:    Redeclaring math symbol \backprime on input line 251.
LaTeX Font Info:    Redeclaring math symbol \risingdotseq on input line 252.
LaTeX Font Info:    Redeclaring math symbol \fallingdotseq on input line 253.
LaTeX Font Info:    Redeclaring math symbol \succcurlyeq on input line 254.
LaTeX Font Info:    Redeclaring math symbol \geqq on input line 255.
LaTeX Font Info:    Redeclaring math symbol \geqslant on input line 256.
LaTeX Font Info:    Redeclaring math symbol \gtrless on input line 257.
LaTeX Font Info:    Redeclaring math symbol \sqsubset on input line 258.
LaTeX Font Info:    Redeclaring math symbol \sqsupset on input line 259.
LaTeX Font Info:    Redeclaring math symbol \vartriangleright on input line 260
.
LaTeX Font Info:    Redeclaring math symbol \vartriangleleft on input line 261.

LaTeX Font Info:    Redeclaring math symbol \trianglerighteq on input line 262.

LaTeX Font Info:    Redeclaring math symbol \trianglelefteq on input line 263.
LaTeX Font Info:    Redeclaring math symbol \bigstar on input line 264.
LaTeX Font Info:    Redeclaring math symbol \between on input line 265.
LaTeX Font Info:    Redeclaring math symbol \blacktriangledown on input line 26
6.
LaTeX Font Info:    Redeclaring math symbol \blacktriangleright on input line 2
67.
LaTeX Font Info:    Redeclaring math symbol \blacktriangleleft on input line 26
8.
LaTeX Font Info:    Redeclaring math symbol \vartriangle on input line 269.
LaTeX Font Info:    Redeclaring math symbol \blacktriangle on input line 270.
LaTeX Font Info:    Redeclaring math symbol \triangledown on input line 271.
LaTeX Font Info:    Redeclaring math symbol \eqcirc on input line 272.
LaTeX Font Info:    Redeclaring math symbol \lesseqgtr on input line 273.
LaTeX Font Info:    Redeclaring math symbol \gtreqless on input line 274.
LaTeX Font Info:    Redeclaring math symbol \lesseqqgtr on input line 275.
LaTeX Font Info:    Redeclaring math symbol \gtreqqless on input line 276.
LaTeX Font Info:    Redeclaring math symbol \Rrightarrow on input line 277.
LaTeX Font Info:    Redeclaring math symbol \Lleftarrow on input line 278.
LaTeX Font Info:    Redeclaring math symbol \veebar on input line 279.
LaTeX Font Info:    Redeclaring math symbol \barwedge on input line 280.
LaTeX Font Info:    Redeclaring math symbol \doublebarwedge on input line 281.
LaTeX Font Info:    Redeclaring math symbol \angle on input line 282.
LaTeX Font Info:    Redeclaring math symbol \measuredangle on input line 283.
LaTeX Font Info:    Redeclaring math symbol \sphericalangle on input line 284.
LaTeX Font Info:    Redeclaring math symbol \varpropto on input line 285.
LaTeX Font Info:    Redeclaring math symbol \smallsmile on input line 286.
LaTeX Font Info:    Redeclaring math symbol \smallfrown on input line 287.
LaTeX Font Info:    Redeclaring math symbol \Subset on input line 288.
LaTeX Font Info:    Redeclaring math symbol \Supset on input line 289.
LaTeX Font Info:    Redeclaring math symbol \Cup on input line 290.
LaTeX Font Info:    Redeclaring math symbol \Cap on input line 292.
LaTeX Font Info:    Redeclaring math symbol \curlywedge on input line 294.
LaTeX Font Info:    Redeclaring math symbol \curlyvee on input line 295.
LaTeX Font Info:    Redeclaring math symbol \leftthreetimes on input line 296.
LaTeX Font Info:    Redeclaring math symbol \rightthreetimes on input line 297.

LaTeX Font Info:    Redeclaring math symbol \subseteqq on input line 298.
LaTeX Font Info:    Redeclaring math symbol \supseteqq on input line 299.
LaTeX Font Info:    Redeclaring math symbol \bumpeq on input line 300.
LaTeX Font Info:    Redeclaring math symbol \Bumpeq on input line 301.
LaTeX Font Info:    Redeclaring math symbol \lll on input line 302.
LaTeX Font Info:    Redeclaring math symbol \ggg on input line 304.
LaTeX Font Info:    Redeclaring math symbol \circledS on input line 306.
LaTeX Font Info:    Redeclaring math symbol \pitchfork on input line 307.
LaTeX Font Info:    Redeclaring math symbol \dotplus on input line 308.
LaTeX Font Info:    Redeclaring math symbol \backsim on input line 309.
LaTeX Font Info:    Redeclaring math symbol \backsimeq on input line 310.
LaTeX Font Info:    Redeclaring math symbol \complement on input line 311.
LaTeX Font Info:    Redeclaring math symbol \intercal on input line 312.
LaTeX Font Info:    Redeclaring math symbol \circledcirc on input line 313.
LaTeX Font Info:    Redeclaring math symbol \circledast on input line 314.
LaTeX Font Info:    Redeclaring math symbol \circleddash on input line 315.
)
(/usr/local/texlive/2023/texmf-dist/tex/latex/base/ifthen.sty
Package: ifthen 2022/04/13 v1.1d Standard LaTeX ifthen package (DPC)
)
LaTeX Font Info:    Overwriting symbol font `operators' in version `normal'
(Font)                  OT1/cmr/m/n --> OT1/zavm/m/n on input line 71.
LaTeX Font Info:    Overwriting symbol font `letters' in version `normal'
(Font)                  OML/cmm/m/it --> OML/zavm/m/it on input line 72.
LaTeX Font Info:    Overwriting symbol font `symbols' in version `normal'
(Font)                  OMS/cmsy/m/n --> OMS/zavm/m/n on input line 73.
LaTeX Font Info:    Overwriting symbol font `largesymbols' in version `normal'
(Font)                  OMX/cmex/m/n --> OMX/mdbch/m/n on input line 74.
LaTeX Font Info:    Overwriting math alphabet `\mathbf' in version `normal'
(Font)                  OT1/cmr/bx/n --> OT1/zavm/b/n on input line 81.
LaTeX Font Info:    Overwriting math alphabet `\mathtt' in version `normal'
(Font)                  OT1/cmtt/m/n --> T1/fvm/m/n on input line 82.
LaTeX Font Info:    Redeclaring math alphabet \mathcal on input line 85.
LaTeX Font Info:    Redeclaring math alphabet \mathit on input line 89.
LaTeX Font Info:    Redeclaring math alphabet \mathsf on input line 91.
LaTeX Font Info:    Redeclaring math alphabet \mathbb on input line 105.
LaTeX Font Info:    Overwriting symbol font `operators' in version `bold'
(Font)                  OT1/cmr/bx/n --> OT1/zavm/b/n on input line 112.
LaTeX Font Info:    Overwriting symbol font `letters' in version `bold'
(Font)                  OML/cmm/b/it --> OML/zavm/b/it on input line 113.
LaTeX Font Info:    Overwriting symbol font `symbols' in version `bold'
(Font)                  OMS/cmsy/b/n --> OMS/zavm/b/n on input line 114.
LaTeX Font Info:    Overwriting symbol font `largesymbols' in version `bold'
(Font)                  OMX/cmex/m/n --> OMX/mdbch/b/n on input line 115.
LaTeX Font Info:    Overwriting math alphabet `\mathbf' in version `bold'
(Font)                  OT1/cmr/bx/n --> OT1/zavm/b/n on input line 118.
LaTeX Font Info:    Overwriting math alphabet `\mathtt' in version `bold'
(Font)                  OT1/cmtt/m/n --> T1/fvm/b/n on input line 119.
LaTeX Font Info:    Redeclaring math accent \widetilde on input line 123.
LaTeX Font Info:    Redeclaring math accent \widehat on input line 124.
\symextraup=\mathgroup7
\symextraitalic=\mathgroup8

(/usr/local/texlive/2023/texmf-dist/tex/latex/arev/arevsymbols.tex
LaTeX Font Info:    Redeclaring math symbol \hbar on input line 22.
LaTeX Font Info:    Redeclaring math symbol \hslash on input line 23.
LaTeX Font Info:    Redeclaring math symbol \digamma on input line 25.
LaTeX Font Info:    Redeclaring math symbol \varkappa on input line 26.
LaTeX Font Info:    Redeclaring math symbol \backepsilon on input line 35.
LaTeX Font Info:    Redeclaring math symbol \emptyset on input line 37.
LaTeX Font Info:    Redeclaring math symbol \eth on input line 57.
LaTeX Font Info:    Redeclaring math symbol \mho on input line 58.
)
LaTeX Font Info:    Redeclaring math symbol \varGamma on input line 181.
LaTeX Font Info:    Redeclaring math symbol \varXi on input line 182.
LaTeX Font Info:    Redeclaring math symbol \varPi on input line 183.
LaTeX Font Info:    Redeclaring math symbol \varSigma on input line 184.
LaTeX Font Info:    Redeclaring math symbol \varPhi on input line 185.
LaTeX Font Info:    Redeclaring math symbol \varnothing on input line 204.
)
(/usr/local/texlive/2023/texmf-dist/tex/latex/bera/beramono.sty
Package: beramono 2004/01/31 (WaS)
))
(/usr/local/texlive/2023/texmf-dist/tex/latex/base/fontenc.sty
Package: fontenc 2021/04/29 v2.0v Standard LaTeX package
LaTeX Font Info:    Trying to load font information for T1+fav on input line 11
2.

(/usr/local/texlive/2023/texmf-dist/tex/latex/arev/t1fav.fd
File: t1fav.fd 2006/05/30 Fontinst v1.929 font definitions for T1/fav.
))
(/usr/local/texlive/2023/texmf-dist/tex/generic/soul/soul.sty
Package: soul 2023-02-18 v3.0 Permit use of UTF-8 characters in soul (HO)

(/usr/local/texlive/2023/texmf-dist/tex/generic/soul/soul-ori.sty
Package: soul-ori 2023-02-18 v3.0 letterspacing/underlining (mf)
\SOUL@word=\toks41
\SOUL@lasttoken=\toks42
\SOUL@syllable=\toks43
\SOUL@cmds=\toks44
\SOUL@buffer=\toks45
\SOUL@token=\toks46
\SOUL@syllgoal=\dimen312
\SOUL@syllwidth=\dimen313
\SOUL@charkern=\dimen314
\SOUL@hyphkern=\dimen315
\SOUL@dimen=\dimen316
\SOUL@dimeni=\dimen317
\SOUL@minus=\count365
\SOUL@comma=\count366
\SOUL@apo=\count367
\SOUL@grave=\count368
\SOUL@spaceskip=\skip102
\SOUL@ttwidth=\dimen318
\SOUL@uldp=\dimen319
\SOUL@ulht=\dimen320
))
(/usr/local/texlive/2023/texmf-dist/tex/latex/pgfplots/pgfplots.sty
(/usr/local/texlive/2023/texmf-dist/tex/generic/pgfplots/pgfplots.revision.tex)
Package: pgfplots 2021/05/15 v1.18.1 Data Visualization (1.18.1)
(/usr/local/texlive/2023/texmf-dist/tex/generic/pgfplots/pgfplots.code.tex
(/usr/local/texlive/2023/texmf-dist/tex/generic/pgfplots/pgfplotscore.code.tex
\t@pgfplots@toka=\toks47
\t@pgfplots@tokb=\toks48
\t@pgfplots@tokc=\toks49
\pgfplots@tmpa=\dimen321
\c@pgfplots@coordindex=\count369
\c@pgfplots@scanlineindex=\count370

(/usr/local/texlive/2023/texmf-dist/tex/generic/pgfplots/sys/pgfplotssysgeneric
.code.tex))
(/usr/local/texlive/2023/texmf-dist/tex/generic/pgfplots/libs/pgfplotslibrary.c
ode.tex)
(/usr/local/texlive/2023/texmf-dist/tex/generic/pgfplots/oldpgfcompatib/pgfplot
soldpgfsupp_loader.code.tex
(/usr/local/texlive/2023/texmf-dist/tex/generic/pgf/libraries/pgflibraryfpu.cod
e.tex)
Package pgfplots: loading complementary utilities for your pgf version...
\t@pgf@toka=\toks50
\t@pgf@tokb=\toks51
\t@pgf@tokc=\toks52

(/usr/local/texlive/2023/texmf-dist/tex/generic/pgfplots/oldpgfcompatib/pgfplot
soldpgfsupp_pgfutil-common-lists.tex))
(/usr/local/texlive/2023/texmf-dist/tex/generic/pgfplots/util/pgfplotsutil.code
.tex
(/usr/local/texlive/2023/texmf-dist/tex/generic/pgfplots/liststructure/pgfplots
liststructure.code.tex)
(/usr/local/texlive/2023/texmf-dist/tex/generic/pgfplots/liststructure/pgfplots
liststructureext.code.tex)
(/usr/local/texlive/2023/texmf-dist/tex/generic/pgfplots/liststructure/pgfplots
array.code.tex
\c@pgfplotsarray@tmp=\count371
)
(/usr/local/texlive/2023/texmf-dist/tex/generic/pgfplots/liststructure/pgfplots
matrix.code.tex)
(/usr/local/texlive/2023/texmf-dist/tex/generic/pgfplots/numtable/pgfplotstable
shared.code.tex
\c@pgfplotstable@counta=\count372
\t@pgfplotstable@a=\toks53
)
(/usr/local/texlive/2023/texmf-dist/tex/generic/pgfplots/liststructure/pgfplots
deque.code.tex)
(/usr/local/texlive/2023/texmf-dist/tex/generic/pgfplots/util/pgfplotsbinary.co
de.tex
(/usr/local/texlive/2023/texmf-dist/tex/generic/pgfplots/util/pgfplotsbinary.da
ta.code.tex))
(/usr/local/texlive/2023/texmf-dist/tex/generic/pgfplots/util/pgfplotsutil.verb
.code.tex)
(/usr/local/texlive/2023/texmf-dist/tex/generic/pgfplots/libs/pgflibrarypgfplot
s.surfshading.code.tex
\c@pgfplotslibrarysurf@no=\count373

(/usr/local/texlive/2023/texmf-dist/tex/generic/pgfplots/sys/pgflibrarypgfplots
.surfshading.pgfsys-pdftex.def)))
(/usr/local/texlive/2023/texmf-dist/tex/generic/pgfplots/util/pgfplotscolormap.
code.tex
(/usr/local/texlive/2023/texmf-dist/tex/generic/pgfplots/util/pgfplotscolor.cod
e.tex))
(/usr/local/texlive/2023/texmf-dist/tex/generic/pgfplots/pgfplotsstackedplots.c
ode.tex)
(/usr/local/texlive/2023/texmf-dist/tex/generic/pgfplots/pgfplotsplothandlers.c
ode.tex
(/usr/local/texlive/2023/texmf-dist/tex/generic/pgfplots/pgfplotsmeshplothandle
r.code.tex
(/usr/local/texlive/2023/texmf-dist/tex/generic/pgfplots/pgfplotsmeshplotimage.
code.tex)))
(/usr/local/texlive/2023/texmf-dist/tex/generic/pgfplots/pgfplots.scaling.code.
tex)
(/usr/local/texlive/2023/texmf-dist/tex/generic/pgfplots/pgfplotscoordprocessin
g.code.tex)
(/usr/local/texlive/2023/texmf-dist/tex/generic/pgfplots/pgfplots.errorbars.cod
e.tex)
(/usr/local/texlive/2023/texmf-dist/tex/generic/pgfplots/pgfplots.markers.code.
tex)
(/usr/local/texlive/2023/texmf-dist/tex/generic/pgfplots/pgfplotsticks.code.tex
)
(/usr/local/texlive/2023/texmf-dist/tex/generic/pgfplots/pgfplots.paths.code.te
x)
(/usr/local/texlive/2023/texmf-dist/tex/generic/pgf/frontendlayer/tikz/librarie
s/tikzlibrarydecorations.code.tex
(/usr/local/texlive/2023/texmf-dist/tex/generic/pgf/modules/pgfmoduledecoration
s.code.tex
\pgfdecoratedcompleteddistance=\dimen322
\pgfdecoratedremainingdistance=\dimen323
\pgfdecoratedinputsegmentcompleteddistance=\dimen324
\pgfdecoratedinputsegmentremainingdistance=\dimen325
\pgf@decorate@distancetomove=\dimen326
\pgf@decorate@repeatstate=\count374
\pgfdecorationsegmentamplitude=\dimen327
\pgfdecorationsegmentlength=\dimen328
)
\tikz@lib@dec@box=\box131
)
(/usr/local/texlive/2023/texmf-dist/tex/generic/pgf/frontendlayer/tikz/librarie
s/tikzlibrarydecorations.pathmorphing.code.tex
(/usr/local/texlive/2023/texmf-dist/tex/generic/pgf/libraries/decorations/pgfli
brarydecorations.pathmorphing.code.tex))
(/usr/local/texlive/2023/texmf-dist/tex/generic/pgf/frontendlayer/tikz/librarie
s/tikzlibrarydecorations.pathreplacing.code.tex
(/usr/local/texlive/2023/texmf-dist/tex/generic/pgf/libraries/decorations/pgfli
brarydecorations.pathreplacing.code.tex))
(/usr/local/texlive/2023/texmf-dist/tex/generic/pgfplots/libs/tikzlibrarypgfplo
ts.contourlua.code.tex)
\pgfplots@numplots=\count375
\pgfplots@xmin@reg=\dimen329
\pgfplots@xmax@reg=\dimen330
\pgfplots@ymin@reg=\dimen331
\pgfplots@ymax@reg=\dimen332
\pgfplots@zmin@reg=\dimen333
\pgfplots@zmax@reg=\dimen334
)
(/usr/local/texlive/2023/texmf-dist/tex/generic/pgf/frontendlayer/tikz/librarie
s/tikzlibraryplotmarks.code.tex
File: tikzlibraryplotmarks.code.tex 2023-01-15 v3.1.10 (3.1.10)

(/usr/local/texlive/2023/texmf-dist/tex/generic/pgf/libraries/pgflibraryplotmar
ks.code.tex
File: pgflibraryplotmarks.code.tex 2023-01-15 v3.1.10 (3.1.10)
)))
(/usr/local/texlive/2023/texmf-dist/tex/generic/pgf/frontendlayer/tikz/librarie
s/tikzlibrarypatterns.code.tex
File: tikzlibrarypatterns.code.tex 2023-01-15 v3.1.10 (3.1.10)

(/usr/local/texlive/2023/texmf-dist/tex/generic/pgf/libraries/pgflibrarypattern
s.code.tex
File: pgflibrarypatterns.code.tex 2023-01-15 v3.1.10 (3.1.10)
))
(/usr/local/texlive/2023/texmf-dist/tex/generic/pgf/frontendlayer/tikz/librarie
s/tikzlibraryarrows.code.tex
File: tikzlibraryarrows.code.tex 2023-01-15 v3.1.10 (3.1.10)

(/usr/local/texlive/2023/texmf-dist/tex/generic/pgf/libraries/pgflibraryarrows.
code.tex
File: pgflibraryarrows.code.tex 2023-01-15 v3.1.10 (3.1.10)
\arrowsize=\dimen335
))
(/usr/local/texlive/2023/texmf-dist/tex/generic/pgf/frontendlayer/tikz/librarie
s/tikzlibraryshapes.arrows.code.tex
File: tikzlibraryshapes.arrows.code.tex 2023-01-15 v3.1.10 (3.1.10)

(/usr/local/texlive/2023/texmf-dist/tex/generic/pgf/libraries/shapes/pgflibrary
shapes.arrows.code.tex
File: pgflibraryshapes.arrows.code.tex 2023-01-15 v3.1.10 (3.1.10)
))
(/usr/local/texlive/2023/texmf-dist/tex/generic/pgf/frontendlayer/tikz/librarie
s/tikzlibraryshapes.code.tex
File: tikzlibraryshapes.code.tex 2023-01-15 v3.1.10 (3.1.10)

(/usr/local/texlive/2023/texmf-dist/tex/generic/pgf/frontendlayer/tikz/librarie
s/tikzlibraryshapes.geometric.code.tex
File: tikzlibraryshapes.geometric.code.tex 2023-01-15 v3.1.10 (3.1.10)

(/usr/local/texlive/2023/texmf-dist/tex/generic/pgf/libraries/shapes/pgflibrary
shapes.geometric.code.tex
File: pgflibraryshapes.geometric.code.tex 2023-01-15 v3.1.10 (3.1.10)
))
(/usr/local/texlive/2023/texmf-dist/tex/generic/pgf/frontendlayer/tikz/librarie
s/tikzlibraryshapes.misc.code.tex
File: tikzlibraryshapes.misc.code.tex 2023-01-15 v3.1.10 (3.1.10)

(/usr/local/texlive/2023/texmf-dist/tex/generic/pgf/libraries/shapes/pgflibrary
shapes.misc.code.tex
File: pgflibraryshapes.misc.code.tex 2023-01-15 v3.1.10 (3.1.10)
))
(/usr/local/texlive/2023/texmf-dist/tex/generic/pgf/frontendlayer/tikz/librarie
s/tikzlibraryshapes.symbols.code.tex
File: tikzlibraryshapes.symbols.code.tex 2023-01-15 v3.1.10 (3.1.10)

(/usr/local/texlive/2023/texmf-dist/tex/generic/pgf/libraries/shapes/pgflibrary
shapes.symbols.code.tex
File: pgflibraryshapes.symbols.code.tex 2023-01-15 v3.1.10 (3.1.10)
))
(/usr/local/texlive/2023/texmf-dist/tex/generic/pgf/frontendlayer/tikz/librarie
s/tikzlibraryshapes.callouts.code.tex
(/usr/local/texlive/2023/texmf-dist/tex/generic/pgf/libraries/shapes/pgflibrary
shapes.callouts.code.tex))
(/usr/local/texlive/2023/texmf-dist/tex/generic/pgf/frontendlayer/tikz/librarie
s/tikzlibraryshapes.multipart.code.tex
File: tikzlibraryshapes.multipart.code.tex 2023-01-15 v3.1.10 (3.1.10)

(/usr/local/texlive/2023/texmf-dist/tex/generic/pgf/libraries/shapes/pgflibrary
shapes.multipart.code.tex
File: pgflibraryshapes.multipart.code.tex 2023-01-15 v3.1.10 (3.1.10)
\pgfnodepartlowerbox=\box132
\pgfnodeparttwobox=\box133
\pgfnodepartthreebox=\box134
\pgfnodepartfourbox=\box135
\pgfnodeparttwentybox=\box136
\pgfnodepartnineteenbox=\box137
\pgfnodeparteighteenbox=\box138
\pgfnodepartseventeenbox=\box139
\pgfnodepartsixteenbox=\box140
\pgfnodepartfifteenbox=\box141
\pgfnodepartfourteenbox=\box142
\pgfnodepartthirteenbox=\box143
\pgfnodeparttwelvebox=\box144
\pgfnodepartelevenbox=\box145
\pgfnodeparttenbox=\box146
\pgfnodepartninebox=\box147
\pgfnodeparteightbox=\box148
\pgfnodepartsevenbox=\box149
\pgfnodepartsixbox=\box150
\pgfnodepartfivebox=\box151
)))
(/usr/local/texlive/2023/texmf-dist/tex/generic/pgfplots/libs/tikzlibrarypgfplo
ts.fillbetween.code.tex
(/usr/local/texlive/2023/texmf-dist/tex/generic/pgfplots/pgfcontrib/tikzlibrary
fillbetween.code.tex
(/usr/local/texlive/2023/texmf-dist/tex/generic/pgf/frontendlayer/tikz/librarie
s/tikzlibraryintersections.code.tex
(/usr/local/texlive/2023/texmf-dist/tex/generic/pgf/libraries/pgflibraryinterse
ctions.code.tex
\pgf@intersect@solutions=\count376
))
(/usr/local/texlive/2023/texmf-dist/tex/generic/pgfplots/pgfcontrib/tikzlibrary
decorations.softclip.code.tex
(/usr/local/texlive/2023/texmf-dist/tex/generic/pgfplots/pgfcontrib/pgflibraryf
illbetween.code.tex)))
(/usr/local/texlive/2023/texmf-dist/tex/generic/pgfplots/libs/tikzlibrarypgfplo
ts.decorations.softclip.code.tex))
Package translations Info: No language package found. I am going to use `englis
h' as default language. on input line 108.
 (./ch10-argand-phasors.aux)
\openout1 = `ch10-argand-phasors.aux'.

LaTeX Font Info:    Checking defaults for OML/cmm/m/it on input line 108.
LaTeX Font Info:    ... okay on input line 108.
LaTeX Font Info:    Checking defaults for OMS/cmsy/m/n on input line 108.
LaTeX Font Info:    ... okay on input line 108.
LaTeX Font Info:    Checking defaults for OT1/cmr/m/n on input line 108.
LaTeX Font Info:    ... okay on input line 108.
LaTeX Font Info:    Checking defaults for T1/cmr/m/n on input line 108.
LaTeX Font Info:    ... okay on input line 108.
LaTeX Font Info:    Checking defaults for TS1/cmr/m/n on input line 108.
LaTeX Font Info:    ... okay on input line 108.
LaTeX Font Info:    Checking defaults for OMX/cmex/m/n on input line 108.
LaTeX Font Info:    ... okay on input line 108.
LaTeX Font Info:    Checking defaults for U/cmr/m/n on input line 108.
LaTeX Font Info:    ... okay on input line 108.
LaTeX Font Info:    Checking defaults for PD1/pdf/m/n on input line 108.
LaTeX Font Info:    ... okay on input line 108.
LaTeX Font Info:    Checking defaults for PU/pdf/m/n on input line 108.
LaTeX Font Info:    ... okay on input line 108.
LaTeX Font Info:    Checking defaults for MDA/cmr/m/n on input line 108.
LaTeX Font Info:    Trying to load font information for MDA+cmr on input line 1
08.

(/usr/local/texlive/2023/texmf-dist/tex/latex/mathdesign/mdacmr.fd
File: mdacmr.fd 
)
LaTeX Font Info:    ... okay on input line 108.

(/usr/local/texlive/2023/texmf-dist/tex/context/base/mkii/supp-pdf.mkii
[Loading MPS to PDF converter (version 2006.09.02).]
\scratchcounter=\count377
\scratchdimen=\dimen336
\scratchbox=\box152
\nofMPsegments=\count378
\nofMParguments=\count379
\everyMPshowfont=\toks54
\MPscratchCnt=\count380
\MPscratchDim=\dimen337
\MPnumerator=\count381
\makeMPintoPDFobject=\count382
\everyMPtoPDFconversion=\toks55
) (/usr/local/texlive/2023/texmf-dist/tex/latex/epstopdf-pkg/epstopdf-base.sty
Package: epstopdf-base 2020-01-24 v2.11 Base part for package epstopdf
Package epstopdf-base Info: Redefining graphics rule for `.eps' on input line 4
85.

(/usr/local/texlive/2023/texmf-dist/tex/latex/latexconfig/epstopdf-sys.cfg
File: epstopdf-sys.cfg 2010/07/13 v1.3 Configuration of (r)epstopdf for TeX Liv
e
))
Package caption Info: Begin \AtBeginDocument code.
Package caption Info: float package is loaded.
Package caption Info: floatrow package is loaded.
Package caption Info: floatrow package is loaded.
Package caption Info: hyperref package is loaded.
Package caption Info: longtable package is loaded.

(/usr/local/texlive/2023/texmf-dist/tex/latex/caption/ltcaption.sty
Package: ltcaption 2021/01/08 v1.4c longtable captions (AR)
)
Package caption Info: Fixing longtable code of `floatrow' package.
Package caption Info: End \AtBeginDocument code.

Package chemgreek Info: Activating mapping `default' on line 108.

Package hyperref Info: Link coloring ON on input line 108.

(./ch10-argand-phasors.out) (./ch10-argand-phasors.out)
\@outlinefile=\write5
\openout5 = `ch10-argand-phasors.out'.

\symgns@font=\mathgroup9
LaTeX Font Info:    Overwriting symbol font `gns@font' in version `bold'
(Font)                  TS1/fav/m/n --> TS1/fav/b/n on input line 108.
Package gensymb Info: Math companion symbols declared on input line 108.
LaTeX Info: Redefining \degree on input line 108.
LaTeX Info: Redefining \celsius on input line 108.
Package gensymb Info: Using text companion symbols for \degree, \celsius and \p
erthousand on input line 108.
LaTeX Info: Redefining \ohm on input line 108.
Package gensymb Info: Using \textohm for \ohm on input line 108.
Package gensymb Info: Using \textmu for \micro on input line 108.

*geometry* driver: auto-detecting
*geometry* detected driver: pdftex
*geometry* verbose mode - [ preamble ] result:
* driver: pdftex
* paper: a4paper
* layout: <same size as paper>
* layoutoffset:(h,v)=(0.0pt,0.0pt)
* modes: 
* h-part:(L,W,R)=(89.62709pt, 418.25368pt, 89.6271pt)
* v-part:(T,H,B)=(101.40665pt, 591.5302pt, 152.11pt)
* \paperwidth=597.50787pt
* \paperheight=845.04684pt
* \textwidth=452.9679pt
* \textheight=700.50687pt
* \oddsidemargin=0.0pt
* \evensidemargin=0.0pt
* \topmargin=0.0pt
* \headheight=0.0pt
* \headsep=0.0pt
* \topskip=0.0pt
* \footskip=0.0pt
* \marginparwidth=0.0pt
* \marginparsep=0.0pt
* \columnsep=14.22636pt
* \skip\footins=9.0pt plus 4.0pt minus 2.0pt
* \hoffset=-72.27pt
* \voffset=-72.27pt
* \mag=1000
* \@twocolumnfalse
* \@twosidefalse
* \@mparswitchfalse
* \@reversemarginfalse
* (1in=72.27pt=25.4mm, 1cm=28.453pt)


(/usr/local/texlive/2023/texmf-dist/tex/latex/translations/translations-basic-d
ictionary-english.trsl
File: translations-basic-dictionary-english.trsl (english translation file `tra
nslations-basic-dictionary')
)
Package translations Info: loading dictionary `translations-basic-dictionary' f
or `english'. on input line 108.
\c@bibnote=\count383

(/usr/local/texlive/2023/texmf-dist/tex/latex/floatrow/fr-longtable.sty
Package: fr-longtable 2007/11/28 v0.1b (beta) floatrow: additions for longtable

\flrow@LT@lasthead=\box153
\flrow@LT@prelastfoot=\box154
\c@FBLTpage=\count384
)

Package pgfplots Warning: running in backwards compatibility mode (unsuitable t
ick labels; missing features). Consider writing \pgfplotsset{compat=1.18} into 
your preamble.
 on input line 108.

LaTeX Font Info:    Trying to load font information for OT1+zavm on input line 
123.
(/usr/local/texlive/2023/texmf-dist/tex/latex/arev/ot1zavm.fd
File: ot1zavm.fd 2006/05/30 Fontinst v1.929 font definitions for OT1/zavm.
)
LaTeX Font Info:    Trying to load font information for OML+zavm on input line 
123.

(/usr/local/texlive/2023/texmf-dist/tex/latex/arev/omlzavm.fd
File: omlzavm.fd 2006/05/30 Fontinst v1.929 font definitions for OML/zavm.
)
LaTeX Font Info:    Trying to load font information for OMS+zavm on input line 
123.

(/usr/local/texlive/2023/texmf-dist/tex/latex/arev/omszavm.fd
File: omszavm.fd 2006/05/30 Fontinst v1.929 font definitions for OMS/zavm.
)
LaTeX Font Info:    Trying to load font information for OMX+mdbch on input line
 123.

(/usr/local/texlive/2023/texmf-dist/tex/latex/mathdesign/mdbch/omxmdbch.fd
File: omxmdbch.fd 2013/08/29 Fontinst v1.933 font definitions for OMX/mdbch.
)
LaTeX Font Info:    Font shape `OMX/mdbch/m/n' will be
(Font)              scaled to size 9.60007pt on input line 123.
LaTeX Font Info:    Font shape `OMX/mdbch/m/n' will be
(Font)              scaled to size 7.29605pt on input line 123.
LaTeX Font Info:    Font shape `OMX/mdbch/m/n' will be
(Font)              scaled to size 5.76004pt on input line 123.
LaTeX Font Info:    Trying to load font information for U+msa on input line 123
.

(/usr/local/texlive/2023/texmf-dist/tex/latex/amsfonts/umsa.fd
File: umsa.fd 2013/01/14 v3.01 AMS symbols A
)
LaTeX Font Info:    Trying to load font information for U+msb on input line 123
.

(/usr/local/texlive/2023/texmf-dist/tex/latex/amsfonts/umsb.fd
File: umsb.fd 2013/01/14 v3.01 AMS symbols B
)
LaTeX Font Info:    Trying to load font information for MDA+mdbch on input line
 123.

(/usr/local/texlive/2023/texmf-dist/tex/latex/mathdesign/mdbch/mdamdbch.fd
File: mdamdbch.fd 2013/08/29 Fontinst v1.933 font definitions for MDA/mdbch.
)
LaTeX Font Info:    Font shape `MDA/mdbch/b/n' will be
(Font)              scaled to size 9.60007pt on input line 123.
LaTeX Font Info:    Font shape `MDA/mdbch/b/n' will be
(Font)              scaled to size 7.29605pt on input line 123.
LaTeX Font Info:    Font shape `MDA/mdbch/b/n' will be
(Font)              scaled to size 5.76004pt on input line 123.
LaTeX Font Info:    Trying to load font information for U+zavm on input line 12
3.

(/usr/local/texlive/2023/texmf-dist/tex/latex/arev/uzavm.fd
File: uzavm.fd 2006/05/30 Fontinst v1.929 font definitions for U/zavm.
)
LaTeX Font Info:    Trying to load font information for TS1+fav on input line 1
23.
LaTeX Font Info:    No file TS1fav.fd. on input line 123.


LaTeX Font Warning: Font shape `TS1/fav/m/n' undefined
(Font)              using `TS1/cmr/m/n' instead on input line 123.

[1
Non-PDF special ignored!
<special> header=psfrag.pro

{/usr/local/texlive/2023/texmf-var/fonts/map/pdftex/updmap/pdftex.map}{/usr/loc
al/texlive/2023/texmf-dist/fonts/enc/dvips/arev/arevoml.enc}{/usr/local/texlive
/2023/texmf-dist/fonts/enc/dvips/arev/arevot1.enc}{/usr/local/texlive/2023/texm
f-dist/fonts/enc/dvips/base/8r.enc}] (./ch10-argand-phasors.aux)

LaTeX Font Warning: Some font shapes were not available, defaults substituted.


LaTeX Warning: Label(s) may have changed. Rerun to get cross-references right.

Package rerunfilecheck Info: File `ch10-argand-phasors.out' has not changed.
(rerunfilecheck)             Checksum: D41D8CD98F00B204E9800998ECF8427E;0.
 ) 
Here is how much of TeX's memory you used:
 43605 strings out of 476025
 1050923 string characters out of 5790017
 1855388 words of memory out of 5000000
 63298 multiletter control sequences out of 15000+600000
 530160 words of font info for 72 fonts, out of 8000000 for 9000
 1141 hyphenation exceptions out of 8191
 121i,7n,134p,850b,910s stack positions out of 10000i,1000n,20000p,200000b,200000s
</usr/local/texlive/2023/texmf-dist/fonts/type1/public/arev/ArevSans-Oblique.
pfb></usr/local/texlive/2023/texmf-dist/fonts/type1/public/arev/ArevSans-Roman.
pfb>
Output written on ch10-argand-phasors.pdf (1 page, 21084 bytes).
PDF statistics:
 32 PDF objects out of 1000 (max. 8388607)
 23 compressed objects within 1 object stream
 2 named destinations out of 1000 (max. 500000)
 13 words of extra memory for PDF output out of 10000 (max. 10000000)

